{"/home/ferreiraz/documents/projects/rodrigo-branas/refactoring/src/main.ts": {"path":"/home/ferreiraz/documents/projects/rodrigo-branas/refactoring/src/main.ts","statementMap":{"0":{"start":{"line":4,"column":14},"end":{"line":4,"column":15}},"1":{"start":{"line":5,"column":1},"end":{"line":42,"column":2}},"2":{"start":{"line":6,"column":2},"end":{"line":40,"column":3}},"3":{"start":{"line":7,"column":3},"end":{"line":35,"column":4}},"4":{"start":{"line":11,"column":4},"end":{"line":31,"column":5}},"5":{"start":{"line":14,"column":5},"end":{"line":21,"column":6}},"6":{"start":{"line":16,"column":6},"end":{"line":16,"column":32}},"7":{"start":{"line":19,"column":6},"end":{"line":19,"column":29}},"8":{"start":{"line":24,"column":5},"end":{"line":30,"column":6}},"9":{"start":{"line":26,"column":6},"end":{"line":26,"column":31}},"10":{"start":{"line":29,"column":6},"end":{"line":29,"column":32}},"11":{"start":{"line":34,"column":4},"end":{"line":34,"column":14}},"12":{"start":{"line":39,"column":3},"end":{"line":39,"column":13}},"13":{"start":{"line":43,"column":1},"end":{"line":47,"column":2}},"14":{"start":{"line":44,"column":2},"end":{"line":44,"column":12}},"15":{"start":{"line":46,"column":2},"end":{"line":46,"column":16}},"16":{"start":{"line":3,"column":0},"end":{"line":3,"column":16}}},"fnMap":{"0":{"name":"calc","decl":{"start":{"line":3,"column":16},"end":{"line":3,"column":20}},"loc":{"start":{"line":3,"column":30},"end":{"line":48,"column":1}}}},"branchMap":{"0":{"loc":{"start":{"line":6,"column":2},"end":{"line":40,"column":3}},"type":"if","locations":[{"start":{"line":6,"column":2},"end":{"line":40,"column":3}},{"start":{"line":36,"column":9},"end":{"line":40,"column":3}}]},"1":{"loc":{"start":{"line":6,"column":6},"end":{"line":6,"column":95}},"type":"binary-expr","locations":[{"start":{"line":6,"column":6},"end":{"line":6,"column":22}},{"start":{"line":6,"column":26},"end":{"line":6,"column":47}},{"start":{"line":6,"column":51},"end":{"line":6,"column":79}},{"start":{"line":6,"column":83},"end":{"line":6,"column":95}}]},"2":{"loc":{"start":{"line":7,"column":3},"end":{"line":35,"column":4}},"type":"if","locations":[{"start":{"line":7,"column":3},"end":{"line":35,"column":4}},{"start":{"line":32,"column":10},"end":{"line":35,"column":4}}]},"3":{"loc":{"start":{"line":7,"column":7},"end":{"line":7,"column":110}},"type":"binary-expr","locations":[{"start":{"line":7,"column":7},"end":{"line":7,"column":21}},{"start":{"line":7,"column":25},"end":{"line":7,"column":44}},{"start":{"line":7,"column":48},"end":{"line":7,"column":70}},{"start":{"line":7,"column":74},"end":{"line":7,"column":110}}]},"4":{"loc":{"start":{"line":11,"column":4},"end":{"line":31,"column":5}},"type":"if","locations":[{"start":{"line":11,"column":4},"end":{"line":31,"column":5}},{"start":{"line":22,"column":11},"end":{"line":31,"column":5}}]},"5":{"loc":{"start":{"line":11,"column":8},"end":{"line":11,"column":57}},"type":"binary-expr","locations":[{"start":{"line":11,"column":8},"end":{"line":11,"column":31}},{"start":{"line":11,"column":35},"end":{"line":11,"column":57}}]},"6":{"loc":{"start":{"line":14,"column":5},"end":{"line":21,"column":6}},"type":"if","locations":[{"start":{"line":14,"column":5},"end":{"line":21,"column":6}},{"start":{"line":18,"column":12},"end":{"line":21,"column":6}}]},"7":{"loc":{"start":{"line":24,"column":5},"end":{"line":30,"column":6}},"type":"if","locations":[{"start":{"line":24,"column":5},"end":{"line":30,"column":6}},{"start":{"line":28,"column":12},"end":{"line":30,"column":6}}]},"8":{"loc":{"start":{"line":43,"column":1},"end":{"line":47,"column":2}},"type":"if","locations":[{"start":{"line":43,"column":1},"end":{"line":47,"column":2}},{"start":{"line":45,"column":8},"end":{"line":47,"column":2}}]}},"s":{"0":7,"1":7,"2":7,"3":6,"4":5,"5":2,"6":1,"7":1,"8":3,"9":1,"10":2,"11":1,"12":1,"13":5,"14":1,"15":4,"16":1},"f":{"0":7},"b":{"0":[6,1],"1":[7,7,7,7],"2":[5,1],"3":[6,6,6,6],"4":[2,3],"5":[5,3],"6":[1,1],"7":[1,2],"8":[1,4]}}
}
